<?xml version="1.0" encoding="UTF-8"?>
<testng-results skipped="0" failed="0" total="1" passed="1">
  <reporter-output>
  </reporter-output>
  <suite name="Default suite" duration-ms="14015" started-at="2022-09-25T06:16:31Z" finished-at="2022-09-25T06:16:45Z">
    <groups>
    </groups>
    <test name="Default test" duration-ms="14015" started-at="2022-09-25T06:16:31Z" finished-at="2022-09-25T06:16:45Z">
      <class name="basicprograms.FindElementFindElements">
        <test-method status="PASS" signature="fidElementsvsFineElements()[pri:0, instance:basicprograms.FindElementFindElements@5f2108b5]" name="fidElementsvsFineElements" duration-ms="13975" started-at="2022-09-25T11:46:31Z" finished-at="2022-09-25T11:46:45Z">
          <reporter-output>
          </reporter-output>
        </test-method> <!-- fidElementsvsFineElements -->
      </class> <!-- basicprograms.FindElementFindElements -->
    </test> <!-- Default test -->
  </suite> <!-- Default suite -->
</testng-results>
